<?xml version="1.0" encoding="UTF-8"?>
<testsuite xmlns:xsi="http://www.w3.org/2001/XMLSchema-instance" xsi:noNamespaceSchemaLocation="https://maven.apache.org/surefire/maven-surefire-plugin/xsd/surefire-test-report-3.0.xsd" version="3.0" name="web.WebLocalRunner" time="48.89" tests="3" errors="0" skipped="0" failures="0">
  <properties>
[...]
</properties>
  <testcase name="Efetuar cadastro no site automationpractice" classname="Realizar cadastro e efetuar login no site automationpractice" time="22.407">
    <system-out><![CDATA[
@CT01
DelineaÃ§Ã£o do CenÃ¡rio: Efetuar cadastro no site automationpractice                                                     # src/test/java/web/featuresCadastroeLogin.feature:22
  Dado que desejo efetuar o teste no navegador "Chrome" na mÃ¡quina "local"                                             # web.StepsClaroWeb.que_desejo_efetuar_o_teste_no_navegador_na_mÃ¡quina(java.lang.String,java.lang.String)
  Dado que desejo me cadastrar no site automationpractice                                                              # web.StepsClaroWeb.que_desejo_me_cadastrar_no_site_automationpractice()
  Quando acessar o site                                                                                                # web.StepsClaroWeb.acessar_o_site()
  EntÃ£o devo preencher o "testeautomacaoclaro4@mailinator.com" da minha nova conta e clicar no botÃ£o Create an account # web.StepsClaroWeb.devo_preencher_meu_e_mail(java.lang.String)
  Quando for direcionado para a aba de dados da conta                                                                  # web.StepsClaroWeb.for_direcionado_para_a_aba_de_dados_da_conta()
  EntÃ£o devo preencher meu "Eduardo", "Oliveira" e "03/05/1998"                                                        # web.StepsClaroWeb.devo_preencher_meu_e(java.lang.String,java.lang.String,java.lang.String)
  E escolher uma "senhA123"                                                                                            # web.StepsClaroWeb.escolher_uma(java.lang.String)
  E preencher os dados de endereÃ§o                                                                                     # web.StepsClaroWeb.preencher_os_dados_de_endereÃ§o()
  E preencher o "11996826338"                                                                                          # web.StepsClaroWeb.preencher_o(java.lang.String)
  E clicar em Register                                                                                                 # web.StepsClaroWeb.clicar_em_register()
  E validar que a conta foi criada com sucesso                                                                         # web.StepsClaroWeb.validar_que_a_conta_foi_criada_com_sucesso()
]]></system-out>
    <system-err><![CDATA[Starting ChromeDriver 87.0.4280.88 (89e2380a3e36c3464b5dd1302349b1382549290d-refs/branch-heads/4280@{#1761}) on port 21293
Only local connections are allowed.
Please see https://chromedriver.chromium.org/security-considerations for suggestions on keeping ChromeDriver safe.
ChromeDriver was started successfully.
dez 22, 2020 11:22:10 PM org.openqa.selenium.remote.ProtocolHandshake createSession
INFORMAÇÕES: Detected dialect: W3C
]]></system-err>
  </testcase>
  <testcase name="Tentar cadastrar novamente o mesmo e-mail no site automationpractice" classname="Realizar cadastro e efetuar login no site automationpractice" time="12.532">
    <system-out><![CDATA[
@CT02
DelineaÃ§Ã£o do CenÃ¡rio: Tentar cadastrar novamente o mesmo e-mail no site automationpractice                           # src/test/java/web/featuresCadastroeLogin.feature:34
  Dado que desejo efetuar o teste no navegador "Chrome" na mÃ¡quina "local"                                            # web.StepsClaroWeb.que_desejo_efetuar_o_teste_no_navegador_na_mÃ¡quina(java.lang.String,java.lang.String)
  Dado que desejo me cadastrar no site automationpractice                                                             # web.StepsClaroWeb.que_desejo_me_cadastrar_no_site_automationpractice()
  Mas o meu email jÃ¡ foi cadastrado anteriormente                                                                     # web.StepsClaroWeb.o_meu_email_jÃ¡_foi_cadastrado_anteriormente()
  Quando acessar o site                                                                                               # web.StepsClaroWeb.acessar_o_site()
  EntÃ£o devo preencher o "testeautomacaoclaro@mailinator.com" da minha nova conta e clicar no botÃ£o Create an account # web.StepsClaroWeb.devo_preencher_meu_e_mail(java.lang.String)
  E validar que foi apresentada mensagem de erro                                                                      # web.StepsClaroWeb.validar_que_foi_apresentada_mensagem_de_erro()
]]></system-out>
    <system-err><![CDATA[Starting ChromeDriver 87.0.4280.88 (89e2380a3e36c3464b5dd1302349b1382549290d-refs/branch-heads/4280@{#1761}) on port 35084
Only local connections are allowed.
Please see https://chromedriver.chromium.org/security-considerations for suggestions on keeping ChromeDriver safe.
ChromeDriver was started successfully.
dez 22, 2020 11:22:30 PM org.openqa.selenium.remote.ProtocolHandshake createSession
INFORMAÇÕES: Detected dialect: W3C
]]></system-err>
  </testcase>
  <testcase name="Efetuar login no site automationpractice" classname="Realizar cadastro e efetuar login no site automationpractice" time="12.472">
    <system-out><![CDATA[
@CT03
DelineaÃ§Ã£o do CenÃ¡rio: Efetuar login no site automationpractice               # src/test/java/web/featuresCadastroeLogin.feature:45
  Dado que desejo efetuar o teste no navegador "Chrome" na mÃ¡quina "local"    # web.StepsClaroWeb.que_desejo_efetuar_o_teste_no_navegador_na_mÃ¡quina(java.lang.String,java.lang.String)
  Dado que desejo acessar minha conta no site automationpractice              # web.StepsClaroWeb.que_desejo_acessar_minha_conta_no_site_automationpractice()
  Quando acessar o site                                                       # web.StepsClaroWeb.acessar_o_site()
  EntÃ£o devo preencher meu "testeautomacaoclaro1@mailinator.com" e "senhA123" # web.StepsClaroWeb.devo_preencher_meu_e(java.lang.String,java.lang.String)
  E validar que a conta foi acessada com sucesso                              # web.StepsClaroWeb.validar_que_a_conta_foi_acessada_com_sucesso()
]]></system-out>
    <system-err><![CDATA[Starting ChromeDriver 87.0.4280.88 (89e2380a3e36c3464b5dd1302349b1382549290d-refs/branch-heads/4280@{#1761}) on port 33380
Only local connections are allowed.
Please see https://chromedriver.chromium.org/security-considerations for suggestions on keeping ChromeDriver safe.
ChromeDriver was started successfully.
dez 22, 2020 11:22:42 PM org.openqa.selenium.remote.ProtocolHandshake createSession
INFORMAÇÕES: Detected dialect: W3C
]]></system-err>
  </testcase>
</testsuite>